app/build/intermediates/manifest_merge_blame_file/debug/manifest-merger-blame-debug-report.txt
1<?xml version="1.0" encoding="utf-8"?>
2<manifest xmlns:android="http://schemas.android.com/apk/res/android"
3    package="com.example.usans"
4    android:versionCode="1"
5    android:versionName="1.0" >
6
7    <uses-sdk
8        android:minSdkVersion="28"
8-->src\main\AndroidManifest.xml
9        android:targetSdkVersion="29" />
9-->src\main\AndroidManifest.xml
10
11    <uses-feature
11-->[com.naver.maps:map-sdk:3.7.1] AndroidManifest.xml:11:5-13:35
12        android:glEsVersion="0x00020000"
12-->[com.naver.maps:map-sdk:3.7.1] AndroidManifest.xml:12:9-41
13        android:required="true" />
13-->[com.naver.maps:map-sdk:3.7.1] AndroidManifest.xml:13:9-32
14    <uses-feature
14-->[com.naver.maps:map-sdk:3.7.1] AndroidManifest.xml:14:5-16:36
15        android:name="android.hardware.wifi"
15-->[com.naver.maps:map-sdk:3.7.1] AndroidManifest.xml:15:9-45
16        android:required="false" />
16-->[com.naver.maps:map-sdk:3.7.1] AndroidManifest.xml:16:9-33
17
18    <uses-permission android:name="android.permission.INTERNET" />
18-->[com.naver.maps:map-sdk:3.7.1] AndroidManifest.xml:18:5-67
18-->[com.naver.maps:map-sdk:3.7.1] AndroidManifest.xml:18:22-64
19    <uses-permission android:name="android.permission.ACCESS_NETWORK_STATE" />
19-->[com.naver.maps:map-sdk:3.7.1] AndroidManifest.xml:19:5-79
19-->[com.naver.maps:map-sdk:3.7.1] AndroidManifest.xml:19:22-76
20    <uses-permission android:name="android.permission.ACCESS_WIFI_STATE" />
20-->[com.naver.maps:map-sdk:3.7.1] AndroidManifest.xml:20:5-76
20-->[com.naver.maps:map-sdk:3.7.1] AndroidManifest.xml:20:22-73
21
22    <application
22-->src\main\AndroidManifest.xml:5:5-24:19
23        android:allowBackup="true"
23-->src\main\AndroidManifest.xml:6:9-35
24        android:appComponentFactory="androidx.core.app.CoreComponentFactory"
24-->[androidx.core:core:1.0.1] AndroidManifest.xml:22:18-86
25        android:debuggable="true"
26        android:icon="@mipmap/ic_launcher"
26-->src\main\AndroidManifest.xml:7:9-43
27        android:label="@string/app_name"
27-->src\main\AndroidManifest.xml:8:9-41
28        android:roundIcon="@mipmap/ic_launcher_round"
28-->src\main\AndroidManifest.xml:9:9-54
29        android:supportsRtl="true"
29-->src\main\AndroidManifest.xml:10:9-35
30        android:testOnly="true"
31        android:theme="@style/AppTheme" >
31-->src\main\AndroidManifest.xml:11:9-40
32        <activity android:name="com.example.usans.MainActivity" >
32-->src\main\AndroidManifest.xml:12:9-18:20
32-->src\main\AndroidManifest.xml:12:19-47
33            <intent-filter>
33-->src\main\AndroidManifest.xml:13:13-17:29
34                <action android:name="android.intent.action.MAIN" />
34-->src\main\AndroidManifest.xml:14:17-69
34-->src\main\AndroidManifest.xml:14:25-66
35
36                <category android:name="android.intent.category.LAUNCHER" />
36-->src\main\AndroidManifest.xml:16:17-77
36-->src\main\AndroidManifest.xml:16:27-74
37            </intent-filter>
38        </activity>
39
40        <meta-data
40-->src\main\AndroidManifest.xml:20:9-22:42
41            android:name="com.naver.maps.map.CLIENT_ID"
41-->src\main\AndroidManifest.xml:21:13-56
42            android:value="tw8dzx61q9" />
42-->src\main\AndroidManifest.xml:22:13-39
43
44        <activity
44-->[com.naver.maps:map-sdk:3.7.1] AndroidManifest.xml:23:9-27:51
45            android:name="com.naver.maps.map.app.LegendActivity"
45-->[com.naver.maps:map-sdk:3.7.1] AndroidManifest.xml:24:13-65
46            android:configChanges="screenSize|smallestScreenSize|screenLayout|orientation"
46-->[com.naver.maps:map-sdk:3.7.1] AndroidManifest.xml:25:13-91
47            android:label="@string/navermap_legend"
47-->[com.naver.maps:map-sdk:3.7.1] AndroidManifest.xml:26:13-52
48            android:theme="@style/navermap_app" />
48-->[com.naver.maps:map-sdk:3.7.1] AndroidManifest.xml:27:13-48
49        <activity
49-->[com.naver.maps:map-sdk:3.7.1] AndroidManifest.xml:28:9-32:51
50            android:name="com.naver.maps.map.app.LegalNoticeActivity"
50-->[com.naver.maps:map-sdk:3.7.1] AndroidManifest.xml:29:13-70
51            android:configChanges="screenSize|smallestScreenSize|screenLayout|orientation"
51-->[com.naver.maps:map-sdk:3.7.1] AndroidManifest.xml:30:13-91
52            android:label="@string/navermap_legal_notice"
52-->[com.naver.maps:map-sdk:3.7.1] AndroidManifest.xml:31:13-58
53            android:theme="@style/navermap_app" />
53-->[com.naver.maps:map-sdk:3.7.1] AndroidManifest.xml:32:13-48
54        <activity
54-->[com.naver.maps:map-sdk:3.7.1] AndroidManifest.xml:33:9-37:51
55            android:name="com.naver.maps.map.app.OpenSourceLicenseActivity"
55-->[com.naver.maps:map-sdk:3.7.1] AndroidManifest.xml:34:13-76
56            android:configChanges="screenSize|smallestScreenSize|screenLayout|orientation"
56-->[com.naver.maps:map-sdk:3.7.1] AndroidManifest.xml:35:13-91
57            android:label="@string/navermap_open_source_license"
57-->[com.naver.maps:map-sdk:3.7.1] AndroidManifest.xml:36:13-65
58            android:theme="@style/navermap_app" />
58-->[com.naver.maps:map-sdk:3.7.1] AndroidManifest.xml:37:13-48
59    </application>
60
61</manifest>